This file contains any messages produced by compilers while
running configure, to aid debugging if configure makes a mistake.

It was created by configure, which was
generated by GNU Autoconf 2.59.  Invocation command line was

  $ ./configure --prefix=/usr/local --target=i386-elf --disable-werror

## --------- ##
## Platform. ##
## --------- ##

hostname = 192.168.1.10
uname -m = x86_64
uname -r = 19.6.0
uname -s = Darwin
uname -v = Darwin Kernel Version 19.6.0: Mon Aug 31 22:12:52 PDT 2020; root:xnu-6153.141.2~1/RELEASE_X86_64

/usr/bin/uname -p = i386
/bin/uname -X     = unknown

/bin/arch              = unknown
/usr/bin/arch -k       = unknown
/usr/convex/getsysinfo = unknown
hostinfo               = Mach kernel version:
	 Darwin Kernel Version 19.6.0: Mon Aug 31 22:12:52 PDT 2020; root:xnu-6153.141.2~1/RELEASE_X86_64
Kernel configured for up to 4 processors.
2 processors are physically available.
4 processors are logically available.
Processor type: x86_64h (Intel x86-64h Haswell)
Processors active: 0 1 2 3
Primary memory available: 4.00 gigabytes
Default processor set: 318 tasks, 1267 threads, 4 processors
Load average: 4.81, Mach factor: 1.70
/bin/machine           = unknown
/usr/bin/oslevel       = unknown
/bin/universe          = unknown

PATH: /opt/local/bin
PATH: /opt/local/sbin
PATH: /Library/Frameworks/Python.framework/Versions/3.7/bin
PATH: /usr/local/bin
PATH: /usr/bin
PATH: /bin
PATH: /usr/sbin
PATH: /sbin
PATH: /opt/X11/bin
PATH: /Library/Apple/usr/bin


## ----------- ##
## Core tests. ##
## ----------- ##

configure:1505: checking build system type
configure:1523: result: i386-apple-darwin19.6.0
configure:1558: checking host system type
configure:1572: result: i386-apple-darwin19.6.0
configure:1580: checking target system type
configure:1594: result: i386-pc-elf
configure:1637: checking for a BSD-compatible install
configure:1692: result: /usr/bin/install -c
configure:1703: checking whether ln works
configure:1725: result: yes
configure:1729: checking whether ln -s works
configure:1733: result: yes
configure:2885: checking for gcc
configure:2901: found /usr/bin/gcc
configure:2911: result: gcc
configure:3155: checking for C compiler version
configure:3158: gcc --version </dev/null >&5
Configured with: --prefix=/Library/Developer/CommandLineTools/usr --with-gxx-include-dir=/Library/Developer/CommandLineTools/SDKs/MacOSX.sdk/usr/include/c++/4.2.1
Apple clang version 11.0.3 (clang-1103.0.32.62)
Target: x86_64-apple-darwin19.6.0
Thread model: posix
InstalledDir: /Library/Developer/CommandLineTools/usr/bin
configure:3161: $? = 0
configure:3163: gcc -v </dev/null >&5
Configured with: --prefix=/Library/Developer/CommandLineTools/usr --with-gxx-include-dir=/Library/Developer/CommandLineTools/SDKs/MacOSX.sdk/usr/include/c++/4.2.1
Apple clang version 11.0.3 (clang-1103.0.32.62)
Target: x86_64-apple-darwin19.6.0
Thread model: posix
InstalledDir: /Library/Developer/CommandLineTools/usr/bin
configure:3166: $? = 0
configure:3168: gcc -V </dev/null >&5
clang: error: unsupported option '-V -Wno-objc-signed-char-bool-implicit-int-conversion'
clang: error: no input files
configure:3171: $? = 1
configure:3194: checking for C compiler default output file name
configure:3197: gcc    conftest.c  >&5
configure:3200: $? = 0
configure:3246: result: a.out
configure:3251: checking whether the C compiler works
configure:3257: ./a.out
configure:3260: $? = 0
configure:3277: result: yes
configure:3284: checking whether we are cross compiling
configure:3286: result: no
configure:3289: checking for suffix of executables
configure:3291: gcc -o conftest    conftest.c  >&5
configure:3294: $? = 0
configure:3319: result: 
configure:3325: checking for suffix of object files
configure:3346: gcc -c   conftest.c >&5
configure:3349: $? = 0
configure:3371: result: o
configure:3375: checking whether we are using the GNU C compiler
configure:3399: gcc -c   conftest.c >&5
configure:3405: $? = 0
configure:3409: test -z 
			 || test ! -s conftest.err
configure:3412: $? = 0
configure:3415: test -s conftest.o
configure:3418: $? = 0
configure:3431: result: yes
configure:3437: checking whether gcc accepts -g
configure:3458: gcc -c -g  conftest.c >&5
configure:3464: $? = 0
configure:3468: test -z 
			 || test ! -s conftest.err
configure:3471: $? = 0
configure:3474: test -s conftest.o
configure:3477: $? = 0
configure:3488: result: yes
configure:3505: checking for gcc option to accept ANSI C
configure:3575: gcc  -c -g -O2  conftest.c >&5
configure:3581: $? = 0
configure:3585: test -z 
			 || test ! -s conftest.err
configure:3588: $? = 0
configure:3591: test -s conftest.o
configure:3594: $? = 0
configure:3612: result: none needed
configure:3630: gcc -c -g -O2  conftest.c >&5
conftest.c:2:3: error: unknown type name 'choke'
  choke me
  ^
conftest.c:2:11: error: expected ';' after top level declarator
  choke me
          ^
          ;
2 errors generated.
configure:3636: $? = 1
configure: failed program was:
| #ifndef __cplusplus
|   choke me
| #endif
configure:3821: checking for g++
configure:3837: found /usr/bin/g++
configure:3847: result: g++
configure:3863: checking for C++ compiler version
configure:3866: g++ --version </dev/null >&5
Configured with: --prefix=/Library/Developer/CommandLineTools/usr --with-gxx-include-dir=/Library/Developer/CommandLineTools/SDKs/MacOSX.sdk/usr/include/c++/4.2.1
Apple clang version 11.0.3 (clang-1103.0.32.62)
Target: x86_64-apple-darwin19.6.0
Thread model: posix
InstalledDir: /Library/Developer/CommandLineTools/usr/bin
configure:3869: $? = 0
configure:3871: g++ -v </dev/null >&5
Configured with: --prefix=/Library/Developer/CommandLineTools/usr --with-gxx-include-dir=/Library/Developer/CommandLineTools/SDKs/MacOSX.sdk/usr/include/c++/4.2.1
Apple clang version 11.0.3 (clang-1103.0.32.62)
Target: x86_64-apple-darwin19.6.0
Thread model: posix
InstalledDir: /Library/Developer/CommandLineTools/usr/bin
configure:3874: $? = 0
configure:3876: g++ -V </dev/null >&5
clang: error: unsupported option '-V -Wno-objc-signed-char-bool-implicit-int-conversion'
clang: error: no input files
configure:3879: $? = 1
configure:3882: checking whether we are using the GNU C++ compiler
configure:3906: g++ -c   conftest.cc >&5
configure:3912: $? = 0
configure:3916: test -z 
			 || test ! -s conftest.err
configure:3919: $? = 0
configure:3922: test -s conftest.o
configure:3925: $? = 0
configure:3938: result: yes
configure:3944: checking whether g++ accepts -g
configure:3965: g++ -c -g  conftest.cc >&5
configure:3971: $? = 0
configure:3975: test -z 
			 || test ! -s conftest.err
configure:3978: $? = 0
configure:3981: test -s conftest.o
configure:3984: $? = 0
configure:3995: result: yes
configure:4037: g++ -c -g -O2  conftest.cc >&5
configure:4043: $? = 0
configure:4047: test -z 
			 || test ! -s conftest.err
configure:4050: $? = 0
configure:4053: test -s conftest.o
configure:4056: $? = 0
configure:4082: g++ -c -g -O2  conftest.cc >&5
conftest.cc:13:1: error: use of undeclared identifier 'exit'
exit (42);
^
1 error generated.
configure:4088: $? = 1
configure: failed program was:
| /* confdefs.h.  */
| 
| #define PACKAGE_NAME ""
| #define PACKAGE_TARNAME ""
| #define PACKAGE_VERSION ""
| #define PACKAGE_STRING ""
| #define PACKAGE_BUGREPORT ""
| /* end confdefs.h.  */
| 
| int
| main ()
| {
| exit (42);
|   ;
|   return 0;
| }
configure:4037: g++ -c -g -O2  conftest.cc >&5
conftest.cc:9:17: error: use of undeclared identifier 'std'
extern "C" void std::exit (int) throw (); using std::exit;
                ^
conftest.cc:9:49: error: use of undeclared identifier 'std'
extern "C" void std::exit (int) throw (); using std::exit;
                                                ^
2 errors generated.
configure:4043: $? = 1
configure: failed program was:
| /* confdefs.h.  */
| 
| #define PACKAGE_NAME ""
| #define PACKAGE_TARNAME ""
| #define PACKAGE_VERSION ""
| #define PACKAGE_STRING ""
| #define PACKAGE_BUGREPORT ""
| /* end confdefs.h.  */
| extern "C" void std::exit (int) throw (); using std::exit;
| #include <stdlib.h>
| int
| main ()
| {
| exit (42);
|   ;
|   return 0;
| }
configure:4037: g++ -c -g -O2  conftest.cc >&5
conftest.cc:9:17: error: use of undeclared identifier 'std'
extern "C" void std::exit (int); using std::exit;
                ^
conftest.cc:9:40: error: use of undeclared identifier 'std'
extern "C" void std::exit (int); using std::exit;
                                       ^
2 errors generated.
configure:4043: $? = 1
configure: failed program was:
| /* confdefs.h.  */
| 
| #define PACKAGE_NAME ""
| #define PACKAGE_TARNAME ""
| #define PACKAGE_VERSION ""
| #define PACKAGE_STRING ""
| #define PACKAGE_BUGREPORT ""
| /* end confdefs.h.  */
| extern "C" void std::exit (int); using std::exit;
| #include <stdlib.h>
| int
| main ()
| {
| exit (42);
|   ;
|   return 0;
| }
configure:4037: g++ -c -g -O2  conftest.cc >&5
In file included from conftest.cc:10:
In file included from /Library/Developer/CommandLineTools/usr/bin/../include/c++/v1/stdlib.h:93:
/Library/Developer/CommandLineTools/SDKs/MacOSX.sdk/usr/include/stdlib.h:145:7: error: 'exit' is missing exception specification 'throw()'
void     exit(int) __dead2;
         ^
conftest.cc:9:17: note: previous declaration is here
extern "C" void exit (int) throw ();
                ^
1 error generated.
configure:4043: $? = 1
configure: failed program was:
| /* confdefs.h.  */
| 
| #define PACKAGE_NAME ""
| #define PACKAGE_TARNAME ""
| #define PACKAGE_VERSION ""
| #define PACKAGE_STRING ""
| #define PACKAGE_BUGREPORT ""
| /* end confdefs.h.  */
| extern "C" void exit (int) throw ();
| #include <stdlib.h>
| int
| main ()
| {
| exit (42);
|   ;
|   return 0;
| }
configure:4037: g++ -c -g -O2  conftest.cc >&5
configure:4043: $? = 0
configure:4047: test -z 
			 || test ! -s conftest.err
configure:4050: $? = 0
configure:4053: test -s conftest.o
configure:4056: $? = 0
configure:4082: g++ -c -g -O2  conftest.cc >&5
configure:4088: $? = 0
configure:4092: test -z 
			 || test ! -s conftest.err
configure:4095: $? = 0
configure:4098: test -s conftest.o
configure:4101: $? = 0
configure:4188: checking for gnatbind
configure:4215: result: no
configure:4268: checking for gnatmake
configure:4295: result: no
configure:4307: checking whether compiler driver understands Ada
configure:4330: result: no
configure:4339: checking how to compare bootstrapped objects
configure:4364: result: cmp --ignore-initial=16 $$f1 $$f2
configure:6003: checking for bison
configure:6019: found /usr/bin/bison
configure:6029: result: bison -y
configure:6049: checking for bison
configure:6065: found /usr/bin/bison
configure:6075: result: bison
configure:6094: checking for gm4
configure:6110: found /usr/bin/gm4
configure:6120: result: gm4
configure:6139: checking for flex
configure:6155: found /usr/bin/flex
configure:6165: result: flex
configure:6185: checking for flex
configure:6201: found /usr/bin/flex
configure:6211: result: flex
configure:6230: checking for makeinfo
configure:6246: found /usr/bin/makeinfo
configure:6256: result: makeinfo
configure:6289: checking for expect
configure:6305: found /usr/bin/expect
configure:6315: result: expect
configure:6336: checking for runtest
configure:6365: result: no
configure:6475: checking for ar
configure:6491: found /usr/bin/ar
configure:6501: result: ar
configure:6610: checking for as
configure:6626: found /usr/bin/as
configure:6636: result: as
configure:6745: checking for dlltool
configure:6774: result: no
configure:6803: checking for ld
configure:6829: result: /Library/Developer/CommandLineTools/usr/bin/ld
configure:7015: checking for lipo
configure:7031: found /usr/bin/lipo
configure:7041: result: lipo
configure:7150: checking for nm
configure:7166: found /usr/bin/nm
configure:7176: result: nm
configure:7285: checking for ranlib
configure:7301: found /usr/bin/ranlib
configure:7311: result: ranlib
configure:7415: checking for strip
configure:7431: found /usr/bin/strip
configure:7441: result: strip
configure:7545: checking for windres
configure:7574: result: no
configure:7680: checking for windmc
configure:7709: result: no
configure:7815: checking for objcopy
configure:7844: result: no
configure:7950: checking for objdump
configure:7966: found /usr/bin/objdump
configure:7976: result: objdump
configure:8087: checking for i386-elf-cc
configure:8116: result: no
configure:8087: checking for i386-elf-gcc
configure:8103: found /opt/local/bin/i386-elf-gcc
configure:8113: result: i386-elf-gcc
configure:8242: checking for i386-elf-c++
configure:8258: found /opt/local/bin/i386-elf-c++
configure:8268: result: i386-elf-c++
configure:8397: checking for i386-elf-gcc
configure:8413: found /opt/local/bin/i386-elf-gcc
configure:8423: result: i386-elf-gcc
configure:8547: checking for i386-elf-gcj
configure:8576: result: no
configure:8702: checking for i386-elf-gfortran
configure:8731: result: no
configure:8936: checking for i386-elf-ar
configure:8952: found /opt/local/bin/i386-elf-ar
configure:8962: result: i386-elf-ar
configure:9159: checking for i386-elf-as
configure:9175: found /opt/local/bin/i386-elf-as
configure:9185: result: i386-elf-as
configure:9382: checking for i386-elf-dlltool
configure:9411: result: no
configure:9605: checking for i386-elf-ld
configure:9621: found /opt/local/bin/i386-elf-ld
configure:9631: result: i386-elf-ld
configure:9828: checking for i386-elf-lipo
configure:9857: result: no
configure:10051: checking for i386-elf-nm
configure:10067: found /opt/local/bin/i386-elf-nm
configure:10077: result: i386-elf-nm
configure:10274: checking for i386-elf-objdump
configure:10290: found /opt/local/bin/i386-elf-objdump
configure:10300: result: i386-elf-objdump
configure:10497: checking for i386-elf-ranlib
configure:10513: found /opt/local/bin/i386-elf-ranlib
configure:10523: result: i386-elf-ranlib
configure:10720: checking for i386-elf-strip
configure:10736: found /opt/local/bin/i386-elf-strip
configure:10746: result: i386-elf-strip
configure:10943: checking for i386-elf-windres
configure:10972: result: no
configure:11166: checking for i386-elf-windmc
configure:11195: result: no
configure:11259: checking where to find the target ar
configure:11296: result: pre-installed
configure:11301: checking where to find the target as
configure:11338: result: pre-installed
configure:11343: checking where to find the target cc
configure:11380: result: pre-installed
configure:11385: checking where to find the target c++
configure:11425: result: pre-installed
configure:11430: checking where to find the target c++ for libstdc++
configure:11470: result: pre-installed
configure:11475: checking where to find the target dlltool
configure:11512: result: pre-installed
configure:11517: checking where to find the target gcc
configure:11554: result: pre-installed
configure:11559: checking where to find the target gcj
configure:11599: result: pre-installed
configure:11604: checking where to find the target gfortran
configure:11644: result: pre-installed
configure:11649: checking where to find the target ld
configure:11686: result: pre-installed
configure:11691: checking where to find the target lipo
configure:11717: result: pre-installed
configure:11722: checking where to find the target nm
configure:11759: result: pre-installed
configure:11764: checking where to find the target objdump
configure:11801: result: pre-installed
configure:11806: checking where to find the target ranlib
configure:11843: result: pre-installed
configure:11848: checking where to find the target strip
configure:11885: result: pre-installed
configure:11890: checking where to find the target windres
configure:11927: result: pre-installed
configure:11932: checking where to find the target windmc
configure:11969: result: pre-installed
configure:12002: checking whether to enable maintainer-specific portions of Makefiles
configure:12011: result: no
configure:12044: checking whether -fkeep-inline-functions is supported
configure:12068: gcc -c -g -O2 -fkeep-inline-functions  conftest.c >&5
clang: warning: optimization flag '-fkeep-inline-functions' is not supported [-Wignored-optimization-argument]
configure:12074: $? = 0
configure:12078: test -z 
			 || test ! -s conftest.err
configure:12081: $? = 0
configure:12084: test -s conftest.o
configure:12087: $? = 0
configure:12089: result: yes
configure:12306: creating ./config.status

## ---------------------- ##
## Running config.status. ##
## ---------------------- ##

This file was extended by config.status, which was
generated by GNU Autoconf 2.59.  Invocation command line was

  CONFIG_FILES    = 
  CONFIG_HEADERS  = 
  CONFIG_LINKS    = 
  CONFIG_COMMANDS = 
  $ ./config.status 

on 192.168.1.10

config.status:764: creating Makefile

## ---------------- ##
## Cache variables. ##
## ---------------- ##

ac_cv_build=i386-apple-darwin19.6.0
ac_cv_build_alias=i386-apple-darwin19.6.0
ac_cv_c_compiler_gnu=yes
ac_cv_cxx_compiler_gnu=yes
ac_cv_env_AR_FOR_TARGET_set=
ac_cv_env_AR_FOR_TARGET_value=
ac_cv_env_AR_set=
ac_cv_env_AR_value=
ac_cv_env_AS_FOR_TARGET_set=
ac_cv_env_AS_FOR_TARGET_value=
ac_cv_env_AS_set=
ac_cv_env_AS_value=
ac_cv_env_CC_FOR_TARGET_set=
ac_cv_env_CC_FOR_TARGET_value=
ac_cv_env_CC_set=
ac_cv_env_CC_value=
ac_cv_env_CFLAGS_set=
ac_cv_env_CFLAGS_value=
ac_cv_env_CPPFLAGS_set=
ac_cv_env_CPPFLAGS_value=
ac_cv_env_CXXFLAGS_set=
ac_cv_env_CXXFLAGS_value=
ac_cv_env_CXX_FOR_TARGET_set=
ac_cv_env_CXX_FOR_TARGET_value=
ac_cv_env_CXX_set=
ac_cv_env_CXX_value=
ac_cv_env_DLLTOOL_FOR_TARGET_set=
ac_cv_env_DLLTOOL_FOR_TARGET_value=
ac_cv_env_DLLTOOL_set=
ac_cv_env_DLLTOOL_value=
ac_cv_env_GCC_FOR_TARGET_set=
ac_cv_env_GCC_FOR_TARGET_value=
ac_cv_env_GCJ_FOR_TARGET_set=
ac_cv_env_GCJ_FOR_TARGET_value=
ac_cv_env_GFORTRAN_FOR_TARGET_set=
ac_cv_env_GFORTRAN_FOR_TARGET_value=
ac_cv_env_LDFLAGS_set=
ac_cv_env_LDFLAGS_value=
ac_cv_env_LD_FOR_TARGET_set=
ac_cv_env_LD_FOR_TARGET_value=
ac_cv_env_LD_set=
ac_cv_env_LD_value=
ac_cv_env_LIPO_FOR_TARGET_set=
ac_cv_env_LIPO_FOR_TARGET_value=
ac_cv_env_LIPO_set=
ac_cv_env_LIPO_value=
ac_cv_env_NM_FOR_TARGET_set=
ac_cv_env_NM_FOR_TARGET_value=
ac_cv_env_NM_set=
ac_cv_env_NM_value=
ac_cv_env_OBJCOPY_set=
ac_cv_env_OBJCOPY_value=
ac_cv_env_OBJDUMP_FOR_TARGET_set=
ac_cv_env_OBJDUMP_FOR_TARGET_value=
ac_cv_env_OBJDUMP_set=
ac_cv_env_OBJDUMP_value=
ac_cv_env_RANLIB_FOR_TARGET_set=
ac_cv_env_RANLIB_FOR_TARGET_value=
ac_cv_env_RANLIB_set=
ac_cv_env_RANLIB_value=
ac_cv_env_STRIP_FOR_TARGET_set=
ac_cv_env_STRIP_FOR_TARGET_value=
ac_cv_env_STRIP_set=
ac_cv_env_STRIP_value=
ac_cv_env_WINDMC_FOR_TARGET_set=
ac_cv_env_WINDMC_FOR_TARGET_value=
ac_cv_env_WINDMC_set=
ac_cv_env_WINDMC_value=
ac_cv_env_WINDRES_FOR_TARGET_set=
ac_cv_env_WINDRES_FOR_TARGET_value=
ac_cv_env_WINDRES_set=
ac_cv_env_WINDRES_value=
ac_cv_env_build_alias_set=
ac_cv_env_build_alias_value=
ac_cv_env_host_alias_set=
ac_cv_env_host_alias_value=
ac_cv_env_target_alias_set=set
ac_cv_env_target_alias_value=i386-elf
ac_cv_exeext=
ac_cv_host=i386-apple-darwin19.6.0
ac_cv_host_alias=i386-apple-darwin19.6.0
ac_cv_objext=o
ac_cv_path_install='/usr/bin/install -c'
ac_cv_prog_AR=ar
ac_cv_prog_AR_FOR_TARGET=i386-elf-ar
ac_cv_prog_AS=as
ac_cv_prog_AS_FOR_TARGET=i386-elf-as
ac_cv_prog_BISON=bison
ac_cv_prog_CC_FOR_TARGET=i386-elf-gcc
ac_cv_prog_CXX_FOR_TARGET=i386-elf-c++
ac_cv_prog_EXPECT=expect
ac_cv_prog_FLEX=flex
ac_cv_prog_GCC_FOR_TARGET=i386-elf-gcc
ac_cv_prog_LD=/Library/Developer/CommandLineTools/usr/bin/ld
ac_cv_prog_LD_FOR_TARGET=i386-elf-ld
ac_cv_prog_LEX=flex
ac_cv_prog_LIPO=lipo
ac_cv_prog_M4=gm4
ac_cv_prog_MAKEINFO=makeinfo
ac_cv_prog_NM=nm
ac_cv_prog_NM_FOR_TARGET=i386-elf-nm
ac_cv_prog_OBJDUMP=objdump
ac_cv_prog_OBJDUMP_FOR_TARGET=i386-elf-objdump
ac_cv_prog_RANLIB=ranlib
ac_cv_prog_RANLIB_FOR_TARGET=i386-elf-ranlib
ac_cv_prog_STRIP=strip
ac_cv_prog_STRIP_FOR_TARGET=i386-elf-strip
ac_cv_prog_YACC='bison -y'
ac_cv_prog_ac_ct_CC=gcc
ac_cv_prog_ac_ct_CXX=g++
ac_cv_prog_ac_ct_GNATBIND=no
ac_cv_prog_ac_ct_GNATMAKE=no
ac_cv_prog_cc_g=yes
ac_cv_prog_cc_stdc=
ac_cv_prog_cxx_g=yes
ac_cv_target=i386-pc-elf
ac_cv_target_alias=i386-elf
acx_cv_cc_gcc_supports_ada=no
acx_cv_prog_LN=ln
gcc_cv_prog_cmp_skip='cmp --ignore-initial=16 $$f1 $$f2'
gcc_cv_tool_dirs=
gcc_cv_tool_prefix=/usr/local

## ----------------- ##
## Output variables. ##
## ----------------- ##

AR='ar'
AR_FOR_BUILD='$(AR)'
AR_FOR_TARGET='i386-elf-ar'
AS='as'
AS_FOR_BUILD='$(AS)'
AS_FOR_TARGET='i386-elf-as'
BISON='bison'
CC='gcc'
CC_FOR_BUILD='$(CC)'
CC_FOR_TARGET='i386-elf-gcc'
CFLAGS='-g -O2'
CFLAGS_FOR_BUILD='-g -O2'
CFLAGS_FOR_TARGET='-g -O2'
COMPILER_AS_FOR_TARGET='$(AS_FOR_TARGET)'
COMPILER_LD_FOR_TARGET='$(LD_FOR_TARGET)'
COMPILER_NM_FOR_TARGET='$(NM_FOR_TARGET)'
CONFIGURE_GDB_TK=''
CPPFLAGS=''
CXX='g++'
CXXFLAGS='-g -O2'
CXXFLAGS_FOR_BUILD='-g -O2'
CXXFLAGS_FOR_TARGET='-g -O2'
CXX_FOR_BUILD='$(CXX)'
CXX_FOR_TARGET='i386-elf-c++'
DEBUG_PREFIX_CFLAGS_FOR_TARGET=''
DEFS='-DPACKAGE_NAME=\"\" -DPACKAGE_TARNAME=\"\" -DPACKAGE_VERSION=\"\" -DPACKAGE_STRING=\"\" -DPACKAGE_BUGREPORT=\"\" '
DLLTOOL='dlltool'
DLLTOOL_FOR_BUILD='$(DLLTOOL)'
DLLTOOL_FOR_TARGET='i386-elf-dlltool'
ECHO_C='ECHO_N=''
ECHO_T=''
EXEEXT=''
EXPECT='expect'
FLAGS_FOR_TARGET=''
FLEX='flex'
GCC_FOR_TARGET='i386-elf-gcc'
GCJ_FOR_BUILD='$(GCJ)'
GCJ_FOR_TARGET='i386-elf-gcj'
GDB_TK=''
GFORTRAN_FOR_BUILD='$(GFORTRAN)'
GFORTRAN_FOR_TARGET='i386-elf-gfortran'
GNATBIND='no'
GNATMAKE='no'
INSTALL_DATA='${INSTALL} -m 644'
INSTALL_GDB_TK=''
INSTALL_PROGRAM='${INSTALL}'
INSTALL_SCRIPT='${INSTALL}'
LD='/Library/Developer/CommandLineTools/usr/bin/ld'
LDFLAGS=''
LDFLAGS_FOR_BUILD=''
LD_FOR_BUILD='$(LD)'
LD_FOR_TARGET='i386-elf-ld'
LEX='flex'
LIBOBJS=''
LIBS=''
LIPO='lipo'
LIPO_FOR_TARGET='i386-elf-lipo'
LN='ln'
LN_S='ln -s'
LTLIBOBJS=''
M4='gm4'
MAINT='#'
MAINTAINER_MODE_FALSE=''
MAINTAINER_MODE_TRUE='#'
MAKEINFO='makeinfo'
NM='nm'
NM_FOR_BUILD='$(NM)'
NM_FOR_TARGET='i386-elf-nm'
OBJCOPY='objcopy'
OBJDUMP='objdump'
OBJDUMP_FOR_TARGET='i386-elf-objdump'
OBJEXT='o'
PACKAGE_BUGREPORT=''
PACKAGE_NAME=''
PACKAGE_STRING=''
PACKAGE_TARNAME=''
PACKAGE_VERSION=''
PATH_SEPARATOR=':'
RANLIB='ranlib'
RANLIB_FOR_BUILD='$(RANLIB)'
RANLIB_FOR_TARGET='i386-elf-ranlib'
RAW_CXX_FOR_TARGET='i386-elf-c++'
RPATH_ENVVAR='DYLD_LIBRARY_PATH'
RUNTEST='runtest'
SHELL='/bin/sh'
STRIP='strip'
STRIP_FOR_TARGET='i386-elf-strip'
SYSROOT_CFLAGS_FOR_TARGET=''
TOPLEVEL_CONFIGURE_ARGUMENTS='./configure --prefix=/usr/local --target=i386-elf --disable-werror'
WINDMC='windmc'
WINDMC_FOR_BUILD='$(WINDMC)'
WINDMC_FOR_TARGET='i386-elf-windmc'
WINDRES='windres'
WINDRES_FOR_BUILD='$(WINDRES)'
WINDRES_FOR_TARGET='i386-elf-windres'
YACC='bison -y'
ac_ct_CC='gcc'
ac_ct_CXX='g++'
ac_ct_GNATBIND='no'
ac_ct_GNATMAKE='no'
bindir='${exec_prefix}/bin'
build='i386-apple-darwin19.6.0'
build_alias=''
build_configargs='--cache-file=../config.cache '--prefix=/usr/local' '--disable-werror' --program-transform-name='s,^,i386-elf-,''
build_configdirs=' libiberty'
build_cpu='i386'
build_libsubdir='build-i386-apple-darwin19.6.0'
build_noncanonical='i386-apple-darwin19.6.0'
build_os='darwin19.6.0'
build_subdir='build-i386-apple-darwin19.6.0'
build_tooldir='${exec_prefix}/i386-elf'
build_vendor='apple'
config_shell='/bin/sh'
configdirs=' intl libiberty opcodes bfd readline libdecnumber sim gdb etc'
datadir='${prefix}/share'
datarootdir='${prefix}/share'
do_compare='cmp --ignore-initial=16 $$f1 $$f2'
docdir='${datarootdir}/doc'
exec_prefix='${prefix}'
gmpinc=''
gmplibs='-lmpfr -lgmp'
host='i386-apple-darwin19.6.0'
host_alias=''
host_configargs='--cache-file=./config.cache  '--prefix=/usr/local' '--disable-werror' --program-transform-name='s,^,i386-elf-,''
host_cpu='i386'
host_noncanonical='i386-apple-darwin19.6.0'
host_os='darwin19.6.0'
host_subdir='.'
host_vendor='apple'
htmldir='${docdir}'
includedir='${prefix}/include'
infodir='${prefix}/info'
libdir='${exec_prefix}/lib'
libexecdir='${exec_prefix}/libexec'
localstatedir='${prefix}/var'
mandir='${prefix}/man'
oldincludedir='/usr/include'
pdfdir='${docdir}'
prefix='/usr/local'
program_transform_name='s,^,i386-elf-,'
sbindir='${exec_prefix}/sbin'
sharedstatedir='${prefix}/com'
stage1_cflags='-g -fkeep-inline-functions'
stage1_checking='--enable-checking=yes,types'
stage1_languages=',c,'
stage2_werror_flag=''
sysconfdir='${prefix}/etc'
target='i386-pc-elf'
target_alias='i386-elf'
target_configargs='--cache-file=./config.cache --enable-multilib --with-cross-host=i386-apple-darwin19.6.0 '--prefix=/usr/local' '--disable-werror' --program-transform-name='s,^,i386-elf-,''
target_cpu='i386'
target_noncanonical='i386-elf'
target_os='elf'
target_subdir='i386-elf'
target_vendor='pc'
tooldir='${exec_prefix}/i386-elf'

## ------------- ##
## Output files. ##
## ------------- ##

alphaieee_frag='/dev/null'
host_makefile_frag='./config/mh-x86omitfp'
ospace_frag='/dev/null'
serialization_dependencies='serdep.tmp'
target_makefile_frag='/dev/null'

## ----------- ##
## confdefs.h. ##
## ----------- ##

#define PACKAGE_BUGREPORT ""
#define PACKAGE_NAME ""
#define PACKAGE_STRING ""
#define PACKAGE_TARNAME ""
#define PACKAGE_VERSION ""
#endif
#ifdef __cplusplus
extern "C" void exit (int);

configure: exit 0
