This file contains any messages produced by compilers while
running configure, to aid debugging if configure makes a mistake.

It was created by configure, which was
generated by GNU Autoconf 2.59.  Invocation command line was

  $ /Users/mostafa/xv6-public/gdb-6.8/sim/configure --cache-file=./config.cache --prefix=/usr/local --disable-werror --program-transform-name=s,^,i386-elf-, --build=i386-apple-darwin19.6.0 --host=i386-apple-darwin19.6.0 --target=i386-elf --srcdir=.././sim

## --------- ##
## Platform. ##
## --------- ##

hostname = 192.168.1.10
uname -m = x86_64
uname -r = 19.6.0
uname -s = Darwin
uname -v = Darwin Kernel Version 19.6.0: Mon Aug 31 22:12:52 PDT 2020; root:xnu-6153.141.2~1/RELEASE_X86_64

/usr/bin/uname -p = i386
/bin/uname -X     = unknown

/bin/arch              = unknown
/usr/bin/arch -k       = unknown
/usr/convex/getsysinfo = unknown
hostinfo               = Mach kernel version:
	 Darwin Kernel Version 19.6.0: Mon Aug 31 22:12:52 PDT 2020; root:xnu-6153.141.2~1/RELEASE_X86_64
Kernel configured for up to 4 processors.
2 processors are physically available.
4 processors are logically available.
Processor type: x86_64h (Intel x86-64h Haswell)
Processors active: 0 1 2 3
Primary memory available: 4.00 gigabytes
Default processor set: 339 tasks, 1151 threads, 4 processors
Load average: 5.39, Mach factor: 0.56
/bin/machine           = unknown
/usr/bin/oslevel       = unknown
/bin/universe          = unknown

PATH: /opt/local/bin
PATH: /opt/local/sbin
PATH: /Library/Frameworks/Python.framework/Versions/3.7/bin
PATH: /usr/local/bin
PATH: /usr/bin
PATH: /bin
PATH: /usr/sbin
PATH: /sbin
PATH: /opt/X11/bin
PATH: /Library/Apple/usr/bin


## ----------- ##
## Core tests. ##
## ----------- ##

configure:1200: creating cache ./config.cache
configure:1289: checking for i386-apple-darwin19.6.0-gcc
configure:1315: result: gcc
configure:1597: checking for C compiler version
configure:1600: gcc --version </dev/null >&5
Configured with: --prefix=/Library/Developer/CommandLineTools/usr --with-gxx-include-dir=/Library/Developer/CommandLineTools/SDKs/MacOSX.sdk/usr/include/c++/4.2.1
Apple clang version 11.0.3 (clang-1103.0.32.62)
Target: x86_64-apple-darwin19.6.0
Thread model: posix
InstalledDir: /Library/Developer/CommandLineTools/usr/bin
configure:1603: $? = 0
configure:1605: gcc -v </dev/null >&5
Configured with: --prefix=/Library/Developer/CommandLineTools/usr --with-gxx-include-dir=/Library/Developer/CommandLineTools/SDKs/MacOSX.sdk/usr/include/c++/4.2.1
Apple clang version 11.0.3 (clang-1103.0.32.62)
Target: x86_64-apple-darwin19.6.0
Thread model: posix
InstalledDir: /Library/Developer/CommandLineTools/usr/bin
configure:1608: $? = 0
configure:1610: gcc -V </dev/null >&5
clang: error: unsupported option '-V -Wno-objc-signed-char-bool-implicit-int-conversion'
clang: error: no input files
configure:1613: $? = 1
configure:1636: checking for C compiler default output file name
configure:1639: gcc -g -O2   conftest.c  >&5
configure:1642: $? = 0
configure:1688: result: a.out
configure:1693: checking whether the C compiler works
configure:1699: ./a.out
configure:1702: $? = 0
configure:1719: result: yes
configure:1726: checking whether we are cross compiling
configure:1728: result: no
configure:1731: checking for suffix of executables
configure:1733: gcc -o conftest -g -O2   conftest.c  >&5
configure:1736: $? = 0
configure:1761: result: 
configure:1767: checking for suffix of object files
configure:1788: gcc -c -g -O2  conftest.c >&5
configure:1791: $? = 0
configure:1813: result: o
configure:1817: checking whether we are using the GNU C compiler
configure:1841: gcc -c -g -O2  conftest.c >&5
configure:1847: $? = 0
configure:1851: test -z 
			 || test ! -s conftest.err
configure:1854: $? = 0
configure:1857: test -s conftest.o
configure:1860: $? = 0
configure:1873: result: yes
configure:1879: checking whether gcc accepts -g
configure:1900: gcc -c -g  conftest.c >&5
configure:1906: $? = 0
configure:1910: test -z 
			 || test ! -s conftest.err
configure:1913: $? = 0
configure:1916: test -s conftest.o
configure:1919: $? = 0
configure:1930: result: yes
configure:1947: checking for gcc option to accept ANSI C
configure:2017: gcc  -c -g -O2  conftest.c >&5
configure:2023: $? = 0
configure:2027: test -z 
			 || test ! -s conftest.err
configure:2030: $? = 0
configure:2033: test -s conftest.o
configure:2036: $? = 0
configure:2054: result: none needed
configure:2072: gcc -c -g -O2  conftest.c >&5
conftest.c:2:3: error: unknown type name 'choke'
  choke me
  ^
conftest.c:2:11: error: expected ';' after top level declarator
  choke me
          ^
          ;
2 errors generated.
configure:2078: $? = 1
configure: failed program was:
| #ifndef __cplusplus
|   choke me
| #endif
configure:2249: checking for a BSD-compatible install
configure:2304: result: /usr/bin/install -c
configure:2318: checking for i386-apple-darwin19.6.0-ar
configure:2344: result: ar
configure:2397: checking for i386-apple-darwin19.6.0-ranlib
configure:2423: result: ranlib
configure:2481: checking build system type
configure:2499: result: i386-apple-darwin19.6.0
configure:2507: checking host system type
configure:2521: result: i386-apple-darwin19.6.0
configure:2529: checking target system type
configure:2543: result: i386-pc-elf
configure:2578: checking for i386-apple-darwin19.6.0-gcc
configure:2604: result: gcc
configure:2886: checking for C compiler version
configure:2889: gcc --version </dev/null >&5
Configured with: --prefix=/Library/Developer/CommandLineTools/usr --with-gxx-include-dir=/Library/Developer/CommandLineTools/SDKs/MacOSX.sdk/usr/include/c++/4.2.1
Apple clang version 11.0.3 (clang-1103.0.32.62)
Target: x86_64-apple-darwin19.6.0
Thread model: posix
InstalledDir: /Library/Developer/CommandLineTools/usr/bin
configure:2892: $? = 0
configure:2894: gcc -v </dev/null >&5
Configured with: --prefix=/Library/Developer/CommandLineTools/usr --with-gxx-include-dir=/Library/Developer/CommandLineTools/SDKs/MacOSX.sdk/usr/include/c++/4.2.1
Apple clang version 11.0.3 (clang-1103.0.32.62)
Target: x86_64-apple-darwin19.6.0
Thread model: posix
InstalledDir: /Library/Developer/CommandLineTools/usr/bin
configure:2897: $? = 0
configure:2899: gcc -V </dev/null >&5
clang: error: unsupported option '-V -Wno-objc-signed-char-bool-implicit-int-conversion'
clang: error: no input files
configure:2902: $? = 1
configure:2905: checking whether we are using the GNU C compiler
configure:2961: result: yes
configure:2967: checking whether gcc accepts -g
configure:3018: result: yes
configure:3035: checking for gcc option to accept ANSI C
configure:3142: result: none needed
configure:3160: gcc -c -g -O2  conftest.c >&5
conftest.c:2:3: error: unknown type name 'choke'
  choke me
  ^
conftest.c:2:11: error: expected ';' after top level declarator
  choke me
          ^
          ;
2 errors generated.
configure:3166: $? = 1
configure: failed program was:
| #ifndef __cplusplus
|   choke me
| #endif
configure:3306: checking for i386-apple-darwin19.6.0-ranlib
configure:3332: result: ranlib
configure:3689: creating ./config.status

## ---------------------- ##
## Running config.status. ##
## ---------------------- ##

This file was extended by config.status, which was
generated by GNU Autoconf 2.59.  Invocation command line was

  CONFIG_FILES    = 
  CONFIG_HEADERS  = 
  CONFIG_LINKS    = 
  CONFIG_COMMANDS = 
  $ ./config.status 

on 192.168.1.10

config.status:659: creating Makefile

## ---------------- ##
## Cache variables. ##
## ---------------- ##

ac_cv_build=i386-apple-darwin19.6.0
ac_cv_build_alias=i386-apple-darwin19.6.0
ac_cv_c_compiler_gnu=yes
ac_cv_env_CC_set=set
ac_cv_env_CC_value=gcc
ac_cv_env_CFLAGS_set=set
ac_cv_env_CFLAGS_value='-g -O2'
ac_cv_env_CPPFLAGS_set=
ac_cv_env_CPPFLAGS_value=
ac_cv_env_LDFLAGS_set=set
ac_cv_env_LDFLAGS_value=
ac_cv_env_build_alias_set=set
ac_cv_env_build_alias_value=i386-apple-darwin19.6.0
ac_cv_env_host_alias_set=set
ac_cv_env_host_alias_value=i386-apple-darwin19.6.0
ac_cv_env_target_alias_set=set
ac_cv_env_target_alias_value=i386-elf
ac_cv_exeext=
ac_cv_host=i386-apple-darwin19.6.0
ac_cv_host_alias=i386-apple-darwin19.6.0
ac_cv_objext=o
ac_cv_prog_AR=ar
ac_cv_prog_CC=gcc
ac_cv_prog_RANLIB=ranlib
ac_cv_prog_cc_g=yes
ac_cv_prog_cc_stdc=
ac_cv_target=i386-pc-elf
ac_cv_target_alias=i386-elf

## ----------------- ##
## Output variables. ##
## ----------------- ##

AR='ar'
CC='gcc'
CC_FOR_BUILD='$(CC)'
CFLAGS='-g -O2'
CFLAGS_FOR_BUILD='-g -O2'
CPPFLAGS=''
DEFS='-DPACKAGE_NAME=\"\" -DPACKAGE_TARNAME=\"\" -DPACKAGE_VERSION=\"\" -DPACKAGE_STRING=\"\" -DPACKAGE_BUGREPORT=\"\" '
ECHO_C='ECHO_N=''
ECHO_T=''
EXEEXT=''
HDEFINES=''
INSTALL_DATA='/usr/bin/install -c -m 644'
INSTALL_PROGRAM='/usr/bin/install -c'
INSTALL_SCRIPT='/usr/bin/install -c'
LDFLAGS=''
LIBOBJS=''
LIBS=''
LTLIBOBJS=''
OBJEXT='o'
PACKAGE_BUGREPORT=''
PACKAGE_NAME=''
PACKAGE_STRING=''
PACKAGE_TARNAME=''
PACKAGE_VERSION=''
PATH_SEPARATOR=':'
RANLIB='ranlib'
SHELL='/bin/sh'
ac_ct_AR=''
ac_ct_CC=''
ac_ct_RANLIB=''
bindir='${exec_prefix}/bin'
build='i386-apple-darwin19.6.0'
build_alias='i386-apple-darwin19.6.0'
build_cpu='i386'
build_os='darwin19.6.0'
build_vendor='apple'
datadir='${prefix}/share'
exec_prefix='${prefix}'
host='i386-apple-darwin19.6.0'
host_alias='i386-apple-darwin19.6.0'
host_cpu='i386'
host_os='darwin19.6.0'
host_vendor='apple'
includedir='${prefix}/include'
infodir='${prefix}/info'
libdir='${exec_prefix}/lib'
libexecdir='${exec_prefix}/libexec'
localstatedir='${prefix}/var'
mandir='${prefix}/man'
oldincludedir='/usr/include'
prefix='/usr/local'
program_transform_name='s,^,i386-elf-,'
sbindir='${exec_prefix}/sbin'
sharedstatedir='${prefix}/com'
subdirs=''
sysconfdir='${prefix}/etc'
target='i386-pc-elf'
target_alias='i386-elf'
target_cpu='i386'
target_os='elf'
target_vendor='pc'

## ----------- ##
## confdefs.h. ##
## ----------- ##

#define PACKAGE_BUGREPORT ""
#define PACKAGE_NAME ""
#define PACKAGE_STRING ""
#define PACKAGE_TARNAME ""
#define PACKAGE_VERSION ""

configure: exit 0
