This file contains any messages produced by compilers while
running configure, to aid debugging if configure makes a mistake.

It was created by configure, which was
generated by GNU Autoconf 2.64.  Invocation command line was

  $ /Users/mostafa/xv6-public/gdb-7.12.1/sim/configure --srcdir=.././sim --cache-file=./config.cache --prefix=/usr/local --disable-werror --program-transform-name=s&^&i386-elf-& --disable-option-checking --build=x86_64-apple-darwin19.6.0 --host=x86_64-apple-darwin19.6.0 --target=i386-elf

## --------- ##
## Platform. ##
## --------- ##

hostname = mostafas-air-4
uname -m = x86_64
uname -r = 19.6.0
uname -s = Darwin
uname -v = Darwin Kernel Version 19.6.0: Mon Aug 31 22:12:52 PDT 2020; root:xnu-6153.141.2~1/RELEASE_X86_64

/usr/bin/uname -p = i386
/bin/uname -X     = unknown

/bin/arch              = unknown
/usr/bin/arch -k       = unknown
/usr/convex/getsysinfo = unknown
/usr/bin/hostinfo      = Mach kernel version:
	 Darwin Kernel Version 19.6.0: Mon Aug 31 22:12:52 PDT 2020; root:xnu-6153.141.2~1/RELEASE_X86_64
Kernel configured for up to 4 processors.
2 processors are physically available.
4 processors are logically available.
Processor type: x86_64h (Intel x86-64h Haswell)
Processors active: 0 1 2 3
Primary memory available: 4.00 gigabytes
Default processor set: 332 tasks, 1216 threads, 4 processors
Load average: 7.24, Mach factor: 0.48
/bin/machine           = unknown
/usr/bin/oslevel       = unknown
/bin/universe          = unknown

PATH: /opt/local/bin
PATH: /opt/local/sbin
PATH: /Library/Frameworks/Python.framework/Versions/3.7/bin
PATH: /usr/local/bin
PATH: /usr/bin
PATH: /bin
PATH: /usr/sbin
PATH: /sbin
PATH: /opt/X11/bin
PATH: /Library/Apple/usr/bin


## ----------- ##
## Core tests. ##
## ----------- ##

configure:1690: creating cache ./config.cache
configure:1775: checking for x86_64-apple-darwin19.6.0-gcc
configure:1802: result: gcc
configure:2071: checking for C compiler version
configure:2080: gcc --version >&5
Apple clang version 11.0.3 (clang-1103.0.32.62)
Target: x86_64-apple-darwin19.6.0
Thread model: posix
InstalledDir: /Library/Developer/CommandLineTools/usr/bin
Configured with: --prefix=/Library/Developer/CommandLineTools/usr --with-gxx-include-dir=/Library/Developer/CommandLineTools/SDKs/MacOSX.sdk/usr/include/c++/4.2.1
configure:2091: $? = 0
configure:2080: gcc -v >&5
Configured with: --prefix=/Library/Developer/CommandLineTools/usr --with-gxx-include-dir=/Library/Developer/CommandLineTools/SDKs/MacOSX.sdk/usr/include/c++/4.2.1
Apple clang version 11.0.3 (clang-1103.0.32.62)
Target: x86_64-apple-darwin19.6.0
Thread model: posix
InstalledDir: /Library/Developer/CommandLineTools/usr/bin
configure:2091: $? = 0
configure:2080: gcc -V >&5
clang: error: unsupported option '-V -Wno-objc-signed-char-bool-implicit-int-conversion'
clang: error: no input files
configure:2091: $? = 1
configure:2080: gcc -qversion >&5
clang: error: unknown argument '-qversion'; did you mean '--version'?
clang: error: no input files
configure:2091: $? = 1
configure:2111: checking for C compiler default output file name
configure:2133: gcc -g -O2   -Wl,-no_pie  conftest.c  >&5
configure:2137: $? = 0
configure:2174: result: a.out
configure:2190: checking whether the C compiler works
configure:2199: ./a.out
configure:2203: $? = 0
configure:2218: result: yes
configure:2225: checking whether we are cross compiling
configure:2227: result: no
configure:2230: checking for suffix of executables
configure:2237: gcc -o conftest -g -O2   -Wl,-no_pie  conftest.c  >&5
configure:2241: $? = 0
configure:2263: result: 
configure:2269: checking for suffix of object files
configure:2291: gcc -c -g -O2  conftest.c >&5
configure:2295: $? = 0
configure:2316: result: o
configure:2320: checking whether we are using the GNU C compiler
configure:2339: gcc -c -g -O2  conftest.c >&5
configure:2339: $? = 0
configure:2348: result: yes
configure:2357: checking whether gcc accepts -g
configure:2377: gcc -c -g  conftest.c >&5
configure:2377: $? = 0
configure:2418: result: yes
configure:2435: checking for gcc option to accept ISO C89
configure:2499: gcc  -c -g -O2  conftest.c >&5
configure:2499: $? = 0
configure:2512: result: none needed
configure:2569: checking for a BSD-compatible install
configure:2637: result: /usr/bin/install -c
configure:2651: checking for x86_64-apple-darwin19.6.0-ar
configure:2678: result: ar
configure:2743: checking for x86_64-apple-darwin19.6.0-ranlib
configure:2770: result: ranlib
configure:2837: checking build system type
configure:2851: result: x86_64-apple-darwin19.6.0
configure:2871: checking host system type
configure:2884: result: x86_64-apple-darwin19.6.0
configure:2904: checking target system type
configure:2917: result: i386-pc-elf
configure:2962: checking for x86_64-apple-darwin19.6.0-gcc
configure:2989: result: gcc
configure:3258: checking for C compiler version
configure:3267: gcc --version >&5
Apple clang version 11.0.3 (clang-1103.0.32.62)
Target: x86_64-apple-darwin19.6.0
Thread model: posix
InstalledDir: /Library/Developer/CommandLineTools/usr/bin
Configured with: --prefix=/Library/Developer/CommandLineTools/usr --with-gxx-include-dir=/Library/Developer/CommandLineTools/SDKs/MacOSX.sdk/usr/include/c++/4.2.1
configure:3278: $? = 0
configure:3267: gcc -v >&5
Configured with: --prefix=/Library/Developer/CommandLineTools/usr --with-gxx-include-dir=/Library/Developer/CommandLineTools/SDKs/MacOSX.sdk/usr/include/c++/4.2.1
Apple clang version 11.0.3 (clang-1103.0.32.62)
Target: x86_64-apple-darwin19.6.0
Thread model: posix
InstalledDir: /Library/Developer/CommandLineTools/usr/bin
configure:3278: $? = 0
configure:3267: gcc -V >&5
clang: error: unsupported option '-V -Wno-objc-signed-char-bool-implicit-int-conversion'
clang: error: no input files
configure:3278: $? = 1
configure:3267: gcc -qversion >&5
clang: error: unknown argument '-qversion'; did you mean '--version'?
clang: error: no input files
configure:3278: $? = 1
configure:3282: checking whether we are using the GNU C compiler
configure:3310: result: yes
configure:3319: checking whether gcc accepts -g
configure:3380: result: yes
configure:3397: checking for gcc option to accept ISO C89
configure:3474: result: none needed
configure:3501: checking for x86_64-apple-darwin19.6.0-ranlib
configure:3528: result: ranlib
configure:3906: updating cache ./config.cache
configure:3979: creating ./config.status

## ---------------------- ##
## Running config.status. ##
## ---------------------- ##

This file was extended by config.status, which was
generated by GNU Autoconf 2.64.  Invocation command line was

  CONFIG_FILES    = 
  CONFIG_HEADERS  = 
  CONFIG_LINKS    = 
  CONFIG_COMMANDS = 
  $ ./config.status 

on mostafas-air-4

config.status:740: creating Makefile
configure:5046: === configuring in testsuite (/Users/mostafa/xv6-public/gdb-7.12.1/sim/testsuite)
configure:5109: running /bin/sh ./configure --disable-option-checking '--prefix=/usr/local'  '--disable-werror' '--program-transform-name=s&^&i386-elf-&' '--build=x86_64-apple-darwin19.6.0' '--host=x86_64-apple-darwin19.6.0' '--target=i386-elf' 'build_alias=x86_64-apple-darwin19.6.0' 'host_alias=x86_64-apple-darwin19.6.0' 'target_alias=i386-elf' 'CC=gcc' 'CFLAGS=-g -O2' 'LDFLAGS= -Wl,-no_pie ' --cache-file=.././config.cache --srcdir=.

## ---------------- ##
## Cache variables. ##
## ---------------- ##

ac_cv_build=x86_64-apple-darwin19.6.0
ac_cv_c_compiler_gnu=yes
ac_cv_env_CC_set=set
ac_cv_env_CC_value=gcc
ac_cv_env_CFLAGS_set=set
ac_cv_env_CFLAGS_value='-g -O2'
ac_cv_env_CPPFLAGS_set=
ac_cv_env_CPPFLAGS_value=
ac_cv_env_LDFLAGS_set=set
ac_cv_env_LDFLAGS_value=' -Wl,-no_pie '
ac_cv_env_LIBS_set=
ac_cv_env_LIBS_value=
ac_cv_env_build_alias_set=set
ac_cv_env_build_alias_value=x86_64-apple-darwin19.6.0
ac_cv_env_host_alias_set=set
ac_cv_env_host_alias_value=x86_64-apple-darwin19.6.0
ac_cv_env_target_alias_set=set
ac_cv_env_target_alias_value=i386-elf
ac_cv_host=x86_64-apple-darwin19.6.0
ac_cv_objext=o
ac_cv_prog_AR=ar
ac_cv_prog_CC=gcc
ac_cv_prog_RANLIB=ranlib
ac_cv_prog_cc_c89=
ac_cv_prog_cc_g=yes
ac_cv_target=i386-pc-elf

## ----------------- ##
## Output variables. ##
## ----------------- ##

AR='ar'
CC='gcc'
CC_FOR_BUILD='$(CC)'
CFLAGS='-g -O2'
CFLAGS_FOR_BUILD='-g -O2'
CPPFLAGS=''
DEFS='-DPACKAGE_NAME=\"\" -DPACKAGE_TARNAME=\"\" -DPACKAGE_VERSION=\"\" -DPACKAGE_STRING=\"\" -DPACKAGE_BUGREPORT=\"\" -DPACKAGE_URL=\"\"'
ECHO_C='\c'
ECHO_N=''
ECHO_T=''
EXEEXT=''
HDEFINES=''
INSTALL_DATA='/usr/bin/install -c -m 644'
INSTALL_PROGRAM='/usr/bin/install -c'
INSTALL_SCRIPT='/usr/bin/install -c'
LDFLAGS=' -Wl,-no_pie '
LIBOBJS=''
LIBS=''
LTLIBOBJS=''
OBJEXT='o'
PACKAGE_BUGREPORT=''
PACKAGE_NAME=''
PACKAGE_STRING=''
PACKAGE_TARNAME=''
PACKAGE_URL=''
PACKAGE_VERSION=''
PATH_SEPARATOR=':'
RANLIB='ranlib'
SHELL='/bin/sh'
ac_ct_CC=''
bindir='${exec_prefix}/bin'
build='x86_64-apple-darwin19.6.0'
build_alias='x86_64-apple-darwin19.6.0'
build_cpu='x86_64'
build_os='darwin19.6.0'
build_vendor='apple'
datadir='${datarootdir}'
datarootdir='${prefix}/share'
docdir='${datarootdir}/doc/${PACKAGE}'
dvidir='${docdir}'
exec_prefix='${prefix}'
host='x86_64-apple-darwin19.6.0'
host_alias='x86_64-apple-darwin19.6.0'
host_cpu='x86_64'
host_os='darwin19.6.0'
host_vendor='apple'
htmldir='${docdir}'
includedir='${prefix}/include'
infodir='${datarootdir}/info'
libdir='${exec_prefix}/lib'
libexecdir='${exec_prefix}/libexec'
localedir='${datarootdir}/locale'
localstatedir='${prefix}/var'
mandir='${datarootdir}/man'
oldincludedir='/usr/include'
pdfdir='${docdir}'
prefix='/usr/local'
program_transform_name='s&^&i386-elf-&'
psdir='${docdir}'
sbindir='${exec_prefix}/sbin'
sharedstatedir='${prefix}/com'
sim_arch=''
subdirs=' testsuite'
sysconfdir='${prefix}/etc'
target='i386-pc-elf'
target_alias='i386-elf'
target_cpu='i386'
target_os='elf'
target_vendor='pc'

## ----------- ##
## confdefs.h. ##
## ----------- ##

/* confdefs.h */
#define PACKAGE_NAME ""
#define PACKAGE_TARNAME ""
#define PACKAGE_VERSION ""
#define PACKAGE_STRING ""
#define PACKAGE_BUGREPORT ""
#define PACKAGE_URL ""

configure: exit 0
